<?xml version="1.0" encoding="UTF-8"?>
<!-- Generated by org.testng.reporters.JUnitReportReporter -->
<testsuite skipped="0" hostname="LAPTOP-64JMFN9V" name="com.orange.scripts.loginTest" tests="1" failures="0" timestamp="2023-01-14T18:46:19 IST" time="19.148" errors="0">
  <testcase name="validLogin" time="19.148" classname="com.orange.scripts.loginTest"/>
  <system-out/>
</testsuite> <!-- com.orange.scripts.loginTest -->
