<?xml version="1.0" encoding="UTF-8"?>
<!-- Generated by org.testng.reporters.JUnitReportReporter -->
<testsuite skipped="0" hostname="LAPTOP-64JMFN9V" name="gyanSetu.test" tests="1" failures="0" timestamp="2022-12-30T15:44:38 IST" time="0.014" errors="0">
  <testcase name="validLogin" time="0.014" classname="gyanSetu.test"/>
  <system-out/>
</testsuite> <!-- gyanSetu.test -->
